<?xml version="1.0" encoding="UTF-8"?>
<testsuite xmlns:xsi="http://www.w3.org/2001/XMLSchema-instance" xsi:noNamespaceSchemaLocation="https://maven.apache.org/surefire/maven-surefire-plugin/xsd/surefire-test-report.xsd" version="3.0.2" name="com.local.split.LocalsplitApplicationTests" time="6.363" tests="1" errors="0" skipped="0" failures="0">
  <properties>
[...]
</properties>
  <testcase name="contextLoads" classname="com.local.split.LocalsplitApplicationTests" time="0.374">
    <system-out><![CDATA[21:09:44.635 [main] INFO org.springframework.test.context.support.AnnotationConfigContextLoaderUtils -- Could not detect default configuration classes for test class [com.local.split.LocalsplitApplicationTests]: LocalsplitApplicationTests does not declare any static, non-private, non-final, nested classes annotated with @Configuration.
21:09:44.778 [main] INFO org.springframework.boot.test.context.SpringBootTestContextBootstrapper -- Found @SpringBootConfiguration com.local.split.LocalsplitApplication for test class com.local.split.LocalsplitApplicationTests
21:09:44.968 [main] INFO org.springframework.boot.devtools.restart.RestartApplicationListener -- Restart disabled due to context in which it is running

  .   ____          _            __ _ _
 /\\ / ___'_ __ _ _(_)_ __  __ _ \ \ \ \
( ( )\___ | '_ | '_| | '_ \/ _` | \ \ \ \
 \\/  ___)| |_)| | | | | || (_| |  ) ) ) )
  '  |____| .__|_| |_|_| |_\__, | / / / /
 =========|_|==============|___/=/_/_/_/

 :: Spring Boot ::                (v3.5.5)

2025-09-22T21:09:45.361+05:30  INFO 39496 --- [localsplit] [           main] c.l.split.LocalsplitApplicationTests     : Starting LocalsplitApplicationTests using Java 24 with PID 39496 (started by yasod in C:\Users\yasod\OneDrive\Desktop\Docker-cicd-project\localsplit)
2025-09-22T21:09:45.363+05:30  INFO 39496 --- [localsplit] [           main] c.l.split.LocalsplitApplicationTests     : No active profile set, falling back to 1 default profile: "default"
2025-09-22T21:09:46.183+05:30  INFO 39496 --- [localsplit] [           main] .s.d.r.c.RepositoryConfigurationDelegate : Bootstrapping Spring Data JPA repositories in DEFAULT mode.
2025-09-22T21:09:46.269+05:30  INFO 39496 --- [localsplit] [           main] .s.d.r.c.RepositoryConfigurationDelegate : Finished Spring Data repository scanning in 75 ms. Found 6 JPA repository interfaces.
2025-09-22T21:09:46.808+05:30  INFO 39496 --- [localsplit] [           main] o.hibernate.jpa.internal.util.LogHelper  : HHH000204: Processing PersistenceUnitInfo [name: default]
2025-09-22T21:09:46.866+05:30  INFO 39496 --- [localsplit] [           main] org.hibernate.Version                    : HHH000412: Hibernate ORM core version 6.6.26.Final
2025-09-22T21:09:46.905+05:30  INFO 39496 --- [localsplit] [           main] o.h.c.internal.RegionFactoryInitiator    : HHH000026: Second-level cache disabled
2025-09-22T21:09:47.292+05:30  INFO 39496 --- [localsplit] [           main] o.s.o.j.p.SpringPersistenceUnitInfo      : No LoadTimeWeaver setup: ignoring JPA class transformer
2025-09-22T21:09:47.331+05:30  INFO 39496 --- [localsplit] [           main] com.zaxxer.hikari.HikariDataSource       : HikariPool-1 - Starting...
2025-09-22T21:09:47.558+05:30  INFO 39496 --- [localsplit] [           main] com.zaxxer.hikari.pool.HikariPool        : HikariPool-1 - Added connection com.mysql.cj.jdbc.ConnectionImpl@4a2e1e52
2025-09-22T21:09:47.559+05:30  INFO 39496 --- [localsplit] [           main] com.zaxxer.hikari.HikariDataSource       : HikariPool-1 - Start completed.
2025-09-22T21:09:47.610+05:30  WARN 39496 --- [localsplit] [           main] org.hibernate.orm.deprecation            : HHH90000025: MySQLDialect does not need to be specified explicitly using 'hibernate.dialect' (remove the property setting and it will be selected by default)
2025-09-22T21:09:47.631+05:30  INFO 39496 --- [localsplit] [           main] org.hibernate.orm.connections.pooling    : HHH10001005: Database info:
	Database JDBC URL [Connecting through datasource 'HikariDataSource (HikariPool-1)']
	Database driver: undefined/unknown
	Database version: 8.0.41
	Autocommit mode: undefined/unknown
	Isolation level: undefined/unknown
	Minimum pool size: undefined/unknown
	Maximum pool size: undefined/unknown
2025-09-22T21:09:48.491+05:30  INFO 39496 --- [localsplit] [           main] o.h.e.t.j.p.i.JtaPlatformInitiator       : HHH000489: No JTA platform available (set 'hibernate.transaction.jta.platform' to enable JTA platform integration)
2025-09-22T21:09:48.585+05:30  INFO 39496 --- [localsplit] [           main] j.LocalContainerEntityManagerFactoryBean : Initialized JPA EntityManagerFactory for persistence unit 'default'
2025-09-22T21:09:48.885+05:30  INFO 39496 --- [localsplit] [           main] o.s.d.j.r.query.QueryEnhancerFactory     : Hibernate is in classpath; If applicable, HQL parser will be used.
2025-09-22T21:09:49.834+05:30  WARN 39496 --- [localsplit] [           main] JpaBaseConfiguration$JpaWebConfiguration : spring.jpa.open-in-view is enabled by default. Therefore, database queries may be performed during view rendering. Explicitly configure spring.jpa.open-in-view to disable this warning
2025-09-22T21:09:50.427+05:30  INFO 39496 --- [localsplit] [           main] c.l.split.LocalsplitApplicationTests     : Started LocalsplitApplicationTests in 5.473 seconds (process running for 6.529)
]]></system-out>
    <system-err><![CDATA[Mockito is currently self-attaching to enable the inline-mock-maker. This will no longer work in future releases of the JDK. Please add Mockito as an agent to your build as described in Mockito's documentation: https://javadoc.io/doc/org.mockito/mockito-core/latest/org.mockito/org/mockito/Mockito.html#0.3
WARNING: A Java agent has been loaded dynamically (C:\Users\yasod\.m2\repository\net\bytebuddy\byte-buddy-agent\1.17.7\byte-buddy-agent-1.17.7.jar)
WARNING: If a serviceability tool is in use, please run with -XX:+EnableDynamicAgentLoading to hide this warning
WARNING: If a serviceability tool is not in use, please run with -Djdk.instrument.traceUsage for more information
WARNING: Dynamic loading of agents will be disallowed by default in a future release
]]></system-err>
  </testcase>
</testsuite>